Copyright 1986-2020 Xilinx, Inc. All Rights Reserved.
---------------------------------------------------------------------------------------------------------------------
| Tool Version : Vivado v.2020.1 (win64) Build 2902540 Wed May 27 19:54:49 MDT 2020
| Date         : Thu May 23 19:45:38 2024
| Host         : DESKTOP-5U57I87 running 64-bit major release  (build 9200)
| Command      : report_drc -file top_level_drc_routed.rpt -pb top_level_drc_routed.pb -rpx top_level_drc_routed.rpx
| Design       : top_level
| Device       : xc7a35tcpg236-1
| Speed File   : -1
| Design State : Fully Routed
---------------------------------------------------------------------------------------------------------------------

Report DRC

Table of Contents
-----------------
1. REPORT SUMMARY
2. REPORT DETAILS

1. REPORT SUMMARY
-----------------
            Netlist: netlist
          Floorplan: design_1
      Design limits: <entire design considered>
           Ruledeck: default
             Max violations: <unlimited>
             Violations found: 1
+-----------+----------+-------------------+------------+
| Rule      | Severity | Description       | Violations |
+-----------+----------+-------------------+------------+
| RTSTAT-10 | Warning  | No routable loads | 1          |
+-----------+----------+-------------------+------------+

2. REPORT DETAILS
-----------------
RTSTAT-10#1 Warning
No routable loads  
9 net(s) have no routable loads. The problem bus(es) and/or net(s) are cuantizador_1/multiplicar/U0/i_synth/MULT.OP/i_non_prim.OP/m_axis_result_tdata[0],
cuantizador_1/multiplicar/U0/i_synth/MULT.OP/i_non_prim.OP/m_axis_result_tdata[1],
cuantizador_1/multiplicar/U0/i_synth/MULT.OP/i_non_prim.OP/m_axis_result_tdata[2],
cuantizador_1/multiplicar/U0/i_synth/MULT.OP/i_non_prim.OP/m_axis_result_tdata[3],
cuantizador_1/multiplicar/U0/i_synth/MULT.OP/i_non_prim.OP/m_axis_result_tdata[4],
cuantizador_1/multiplicar/U0/i_synth/MULT.OP/i_non_prim.OP/m_axis_result_tdata[5],
cuantizador_1/multiplicar/U0/i_synth/MULT.OP/i_non_prim.OP/m_axis_result_tdata[6],
cuantizador_1/multiplicar/U0/i_synth/MULT.OP/i_non_prim.OP/m_axis_result_tdata[7],
cuantizador_1/multiplicar/U0/i_synth/MULT.OP/i_non_prim.OP/m_axis_result_tdata[8].
Related violations: <none>


