Vivado Simulator 2020.1
Copyright 1986-1999, 2001-2020 Xilinx, Inc. All Rights Reserved.
Running: C:/Xilinx/Vivado/2020.1/bin/unwrapped/win64.o/xelab.exe -wto 4c3bf5f1d25149f6b6b074ecf4c23b6c --incr --debug typical --relax --mt 2 -L xbip_utils_v3_0_10 -L axi_utils_v2_0_6 -L xbip_pipe_v3_0_6 -L xbip_dsp48_wrapper_v3_0_4 -L xbip_dsp48_addsub_v3_0_6 -L xbip_dsp48_multadd_v3_0_6 -L xbip_bram18k_v3_0_6 -L mult_gen_v12_0_16 -L floating_point_v7_1_10 -L xil_defaultlib -L secureip -L xpm --snapshot test_toplevel_behav xil_defaultlib.test_toplevel -log elaborate.log 
Using 2 slave threads.
Starting static elaboration
Completed static elaboration
Starting simulation data flow analysis
Completed simulation data flow analysis
Time Resolution for simulation is 1ps
Compiling package std.standard
Compiling package std.textio
Compiling package ieee.std_logic_1164
Compiling package ieee.std_logic_arith
Compiling package ieee.std_logic_unsigned
Compiling package ieee.numeric_std
Compiling package floating_point_v7_1_10.floating_point_v7_1_10_viv_comp
Compiling package xbip_utils_v3_0_10.xbip_utils_v3_0_10_pkg
Compiling package axi_utils_v2_0_6.axi_utils_v2_0_6_pkg
Compiling package floating_point_v7_1_10.floating_point_v7_1_10_consts
Compiling package ieee.math_real
Compiling package floating_point_v7_1_10.floating_point_v7_1_10_exp_table...
Compiling package mult_gen_v12_0_16.mult_gen_v12_0_16_pkg
Compiling package ieee.std_logic_signed
Compiling package floating_point_v7_1_10.floating_point_v7_1_10_pkg
Compiling package floating_point_v7_1_10.flt_utils
Compiling package unisim.vcomponents
Compiling package floating_point_v7_1_10.vt2mutils
Compiling package floating_point_v7_1_10.vt2mcomps
Compiling package floating_point_v7_1_10.vm2utils
Compiling package floating_point_v7_1_10.vm2comps
Compiling package ieee.vital_timing
Compiling package ieee.vital_primitives
Compiling package unisim.vpkg
Compiling package xbip_pipe_v3_0_6.xbip_pipe_v3_0_6_viv_comp
Compiling architecture behavioral of entity xil_defaultlib.control_memoria [control_memoria_default]
Compiling architecture behavioral of entity xil_defaultlib.config_ofdm [config_ofdm_default]
Compiling architecture lut4_v of entity unisim.LUT4 [\LUT4(init="0000011111100000")(1...]
Compiling architecture virtex of entity floating_point_v7_1_10.fdgS [\fdgS(fdgsrval='0',fdinitval='0'...]
Compiling architecture virtex of entity floating_point_v7_1_10.lutS [\lutS(n=4,lutval="00000111111000...]
Compiling architecture lut4_v of entity unisim.LUT4 [\LUT4(init="0001100110011000")(1...]
Compiling architecture virtex of entity floating_point_v7_1_10.lutS [\lutS(n=4,lutval="00011001100110...]
Compiling architecture lut4_v of entity unisim.LUT4 [\LUT4(init="1000000000000001")(1...]
Compiling architecture virtex of entity floating_point_v7_1_10.lutS [\lutS(n=4,lutval="10000000000000...]
Compiling architecture virtex of entity floating_point_v7_1_10.cntrlgen [\cntrlgen(needce=true,registered...]
Compiling architecture lut4_v of entity unisim.LUT4 [\LUT4(init="0100010001111000")(0...]
Compiling architecture muxcy_v of entity unisim.MUXCY [muxcy_default]
Compiling architecture lut2_v of entity unisim.LUT2 [\LUT2(init="1000")(0,3)\]
Compiling architecture mult_and_v of entity unisim.MULT_AND [mult_and_default]
Compiling architecture xorcy_v of entity unisim.XORCY [xorcy_default]
Compiling architecture virtex of entity floating_point_v7_1_10.fdgW [\fdgW(w=13,fdgsrval=(others=>'0'...]
Compiling architecture virtex of entity floating_point_v7_1_10.ppGenR8 [\ppGenR8(w=11,pw=13,twos=false,r...]
Compiling architecture lut2_v of entity unisim.LUT2 [\LUT2(init="0110")(3,0)\]
Compiling architecture virtex of entity floating_point_v7_1_10.lutS [\lutS(n=2,lutval="00000000000001...]
Compiling architecture lut3_v of entity unisim.LUT3 [\LUT3(init="00000001")(7,0)\]
Compiling architecture virtex of entity floating_point_v7_1_10.lutV [\lutV(w=3,lutval="00000000000000...]
Compiling architecture fdre_v of entity unisim.FDRE [fdre_default]
Compiling architecture fde_v of entity unisim.FDE [fde_default]
Compiling architecture virtex of entity floating_point_v7_1_10.fdgS [\fdgS(fdgsrval='0',fdinitval='0'...]
Compiling architecture virtex of entity floating_point_v7_1_10.andW [\andW(w=3,mask=(others=>'1'),cir...]
Compiling architecture lut3_v of entity unisim.LUT3 [\LUT3(init="10010110")(0,7)\]
Compiling architecture virtex of entity floating_point_v7_1_10.fdgW [\fdgW(w=14,fdgsrval=(others=>'0'...]
Compiling architecture virtex of entity floating_point_v7_1_10.addSubW [\addSubW(w=14,gateoptions=0,roun...]
Compiling architecture virtex of entity floating_point_v7_1_10.addSubShGW [\addSubShGW(aw=14,bw=14,sw=14,re...]
Compiling architecture virtex of entity floating_point_v7_1_10.fdgW [\fdgW(w=17,fdgsrval=(others=>'0'...]
Compiling architecture virtex of entity floating_point_v7_1_10.addSubW [\addSubW(w=17,gateoptions=0,roun...]
Compiling architecture virtex of entity floating_point_v7_1_10.addSubShFW [\addSubShFW(aw=14,bw=14,sw=17,ze...]
Compiling architecture virtex of entity floating_point_v7_1_10.lutS [\lutS(n=2,lutval="00000000000001...]
Compiling architecture virtex of entity floating_point_v7_1_10.andW [\andW(w=3,mask=(others=>'1'),cir...]
Compiling architecture lut1_v of entity unisim.LUT1 [\LUT1(init="10")(1,0)\]
Compiling architecture virtex of entity floating_point_v7_1_10.lutN [\lutN(n=1,lutval="00000000000000...]
Compiling architecture virtex of entity floating_point_v7_1_10.lutNMuxS [\lutNMuxS(n=1,lutval="0000000000...]
Compiling architecture virtex of entity floating_point_v7_1_10.fdgW [\fdgW(w=17,fdgsrval=(others=>'0'...]
Compiling architecture virtex of entity floating_point_v7_1_10.addSubW [\addSubW(w=17,gateoptions=0,roun...]
Compiling architecture virtex of entity floating_point_v7_1_10.addSubShFW [\addSubShFW(aw=14,bw=17,sw=14,ze...]
Compiling architecture virtex of entity floating_point_v7_1_10.delayW [\delayW(w=11,delaylength=0,regis...]
Compiling architecture netlist of entity floating_point_v7_1_10.vmsMultCore [\vmsMultCore(aw=11,bw=11,pw=13,r...]
Compiling architecture netlist of entity floating_point_v7_1_10.xMult [\xMult(aw=11,bw=11,pw=13,roundin...]
Compiling architecture rtl of entity floating_point_v7_1_10.fix_mult_qq [\fix_mult_qq(c_xdevicefamily="ar...]
Compiling architecture rtl of entity floating_point_v7_1_10.fix_mult [\fix_mult(c_xdevicefamily="artix...]
Compiling architecture synth of entity xbip_pipe_v3_0_6.xbip_pipe_v3_0_6_viv [\xbip_pipe_v3_0_6_viv(c_has_ce=1...]
Compiling architecture rtl of entity floating_point_v7_1_10.delay [\delay(width=5,length=0,fast_inp...]
Compiling architecture struct of entity floating_point_v7_1_10.carry_chain [\carry_chain(c_xdevicefamily="ar...]
Compiling architecture synth of entity xbip_pipe_v3_0_6.xbip_pipe_v3_0_6_viv [\xbip_pipe_v3_0_6_viv(c_has_ce=1...]
Compiling architecture rtl of entity floating_point_v7_1_10.delay [\delay(width=16,length=0)\]
Compiling architecture synth of entity xbip_pipe_v3_0_6.xbip_pipe_v3_0_6_viv [\xbip_pipe_v3_0_6_viv(c_has_ce=1...]
Compiling architecture rtl of entity floating_point_v7_1_10.delay [\delay(width=2,length=0)\]
Compiling architecture struct of entity floating_point_v7_1_10.carry_chain [\carry_chain(c_xdevicefamily="ar...]
Compiling architecture synth of entity floating_point_v7_1_10.compare_eq_im [\compare_eq_im(c_xdevicefamily="...]
Compiling architecture synth of entity xbip_pipe_v3_0_6.xbip_pipe_v3_0_6_viv [\xbip_pipe_v3_0_6_viv(c_has_ce=1...]
Compiling architecture rtl of entity floating_point_v7_1_10.delay [\delay(length=0,fast_input=true)...]
Compiling architecture rtl of entity floating_point_v7_1_10.special_detect [\special_detect(c_xdevicefamily=...]
Compiling architecture synth of entity xbip_pipe_v3_0_6.xbip_pipe_v3_0_6_viv [\xbip_pipe_v3_0_6_viv(c_has_ce=1...]
Compiling architecture rtl of entity floating_point_v7_1_10.delay [\delay(length=0)\]
Compiling architecture synth of entity xbip_pipe_v3_0_6.xbip_pipe_v3_0_6_viv [\xbip_pipe_v3_0_6_viv(c_latency=...]
Compiling architecture rtl of entity floating_point_v7_1_10.delay [delay_default]
Compiling architecture synth of entity xbip_pipe_v3_0_6.xbip_pipe_v3_0_6_viv [\xbip_pipe_v3_0_6_viv(c_latency=...]
Compiling architecture rtl of entity floating_point_v7_1_10.delay [\delay(width=2,fast_input=true)\]
Compiling architecture synth of entity xbip_pipe_v3_0_6.xbip_pipe_v3_0_6_viv [\xbip_pipe_v3_0_6_viv(c_latency=...]
Compiling architecture rtl of entity floating_point_v7_1_10.delay [\delay(fast_input=true)\]
Compiling architecture synth of entity xbip_pipe_v3_0_6.xbip_pipe_v3_0_6_viv [\xbip_pipe_v3_0_6_viv(c_latency=...]
Compiling architecture rtl of entity floating_point_v7_1_10.delay [\delay(width=4,fast_input=true)\]
Compiling architecture synth of entity xbip_pipe_v3_0_6.xbip_pipe_v3_0_6_viv [\xbip_pipe_v3_0_6_viv(c_latency=...]
Compiling architecture rtl of entity floating_point_v7_1_10.delay [\delay(width=5)\]
Compiling architecture synth of entity xbip_pipe_v3_0_6.xbip_pipe_v3_0_6_viv [\xbip_pipe_v3_0_6_viv(c_has_ce=1...]
Compiling architecture rtl of entity floating_point_v7_1_10.delay [\delay(width=3,length=0,fast_inp...]
Compiling architecture synth of entity xbip_pipe_v3_0_6.xbip_pipe_v3_0_6_viv [\xbip_pipe_v3_0_6_viv(c_has_ce=1...]
Compiling architecture rtl of entity floating_point_v7_1_10.delay [\delay(width=4,length=0,fast_inp...]
Compiling architecture synth of entity xbip_pipe_v3_0_6.xbip_pipe_v3_0_6_viv [\xbip_pipe_v3_0_6_viv(c_has_ce=1...]
Compiling architecture rtl of entity floating_point_v7_1_10.delay [\delay(width=14,length=0)\]
Compiling architecture rtl of entity floating_point_v7_1_10.flt_mult_exp [\flt_mult_exp(c_xdevicefamily="a...]
Compiling architecture synth of entity xbip_pipe_v3_0_6.xbip_pipe_v3_0_6_viv [\xbip_pipe_v3_0_6_viv(c_has_ce=1...]
Compiling architecture rtl of entity floating_point_v7_1_10.delay [\delay(width=5,length=0)\]
Compiling architecture synth of entity xbip_pipe_v3_0_6.xbip_pipe_v3_0_6_viv [\xbip_pipe_v3_0_6_viv(c_has_ce=1...]
Compiling architecture rtl of entity floating_point_v7_1_10.delay [\delay(width=6,length=0,fast_inp...]
Compiling architecture struct of entity floating_point_v7_1_10.carry_chain [\carry_chain(c_xdevicefamily="ar...]
Compiling architecture struct of entity floating_point_v7_1_10.carry_chain [\carry_chain(c_xdevicefamily="ar...]
Compiling architecture synth of entity xbip_pipe_v3_0_6.xbip_pipe_v3_0_6_viv [\xbip_pipe_v3_0_6_viv(c_has_ce=1...]
Compiling architecture rtl of entity floating_point_v7_1_10.delay [\delay(width=7,length=0)\]
Compiling architecture synth of entity xbip_pipe_v3_0_6.xbip_pipe_v3_0_6_viv [\xbip_pipe_v3_0_6_viv(c_has_ce=1...]
Compiling architecture rtl of entity floating_point_v7_1_10.delay [\delay(width=8,length=0)\]
Compiling architecture synth of entity xbip_pipe_v3_0_6.xbip_pipe_v3_0_6_viv [\xbip_pipe_v3_0_6_viv(c_has_ce=1...]
Compiling architecture rtl of entity floating_point_v7_1_10.delay [\delay(width=12,length=0,fast_in...]
Compiling architecture synth of entity xbip_pipe_v3_0_6.xbip_pipe_v3_0_6_viv [\xbip_pipe_v3_0_6_viv(c_has_ce=1...]
Compiling architecture rtl of entity floating_point_v7_1_10.delay [\delay(width=3,length=0)\]
Compiling architecture synth of entity xbip_pipe_v3_0_6.xbip_pipe_v3_0_6_viv [\xbip_pipe_v3_0_6_viv(c_has_ce=1...]
Compiling architecture rtl of entity floating_point_v7_1_10.delay [\delay(width=2,length=0,fast_inp...]
Compiling architecture struct of entity floating_point_v7_1_10.carry_chain [\carry_chain(c_xdevicefamily="ar...]
Compiling architecture rtl of entity floating_point_v7_1_10.flt_round_bit [\flt_round_bit(c_xdevicefamily="...]
Compiling architecture rtl of entity floating_point_v7_1_10.renorm_and_round_logic [\renorm_and_round_logic(c_xdevic...]
Compiling architecture rtl of entity floating_point_v7_1_10.flt_mult_round [\flt_mult_round(c_xdevicefamily=...]
Compiling architecture synth of entity floating_point_v7_1_10.flt_dec_op_lat [\flt_dec_op_lat(c_xdevicefamily=...]
Compiling architecture rtl of entity floating_point_v7_1_10.flt_mult [\flt_mult(c_xdevicefamily="artix...]
Compiling architecture synth of entity xbip_pipe_v3_0_6.xbip_pipe_v3_0_6_viv [\xbip_pipe_v3_0_6_viv(c_latency=...]
Compiling architecture xilinx of entity floating_point_v7_1_10.floating_point_v7_1_10_viv [\floating_point_v7_1_10_viv(c_xd...]
Compiling architecture xilinx of entity floating_point_v7_1_10.floating_point_v7_1_10 [\floating_point_v7_1_10(c_xdevic...]
Compiling architecture product_arch of entity xil_defaultlib.product [product_default]
Compiling architecture synth of entity xbip_pipe_v3_0_6.xbip_pipe_v3_0_6_viv [\xbip_pipe_v3_0_6_viv(c_latency=...]
Compiling architecture rtl of entity floating_point_v7_1_10.delay [\delay(length=8)\]
Compiling architecture synth of entity xbip_pipe_v3_0_6.xbip_pipe_v3_0_6_viv [\xbip_pipe_v3_0_6_viv(c_latency=...]
Compiling architecture rtl of entity floating_point_v7_1_10.delay [\delay(width=17)\]
Compiling architecture struct of entity floating_point_v7_1_10.carry_chain [\carry_chain(c_xdevicefamily="ar...]
Compiling architecture synth of entity floating_point_v7_1_10.compare_eq_im [\compare_eq_im(c_xdevicefamily="...]
Compiling architecture struct of entity floating_point_v7_1_10.carry_chain [\carry_chain(c_xdevicefamily="ar...]
Compiling architecture struct of entity floating_point_v7_1_10.carry_chain [\carry_chain(c_xdevicefamily="ar...]
Compiling architecture rtl of entity floating_point_v7_1_10.flt_accum_bit_encode [\flt_accum_bit_encode(c_xdevicef...]
Compiling architecture struct of entity floating_point_v7_1_10.carry_chain [\carry_chain(c_xdevicefamily="ar...]
Compiling architecture struct of entity floating_point_v7_1_10.carry_chain [\carry_chain(c_xdevicefamily="ar...]
Compiling architecture rtl of entity floating_point_v7_1_10.flt_accum_bit_encode [\flt_accum_bit_encode(c_xdevicef...]
Compiling architecture synth of entity xbip_pipe_v3_0_6.xbip_pipe_v3_0_6_viv [\xbip_pipe_v3_0_6_viv(c_has_ce=1...]
Compiling architecture rtl of entity floating_point_v7_1_10.delay [\delay(width=4,length=0)\]
Compiling architecture synth of entity xbip_pipe_v3_0_6.xbip_pipe_v3_0_6_viv [\xbip_pipe_v3_0_6_viv(c_latency=...]
Compiling architecture rtl of entity floating_point_v7_1_10.delay [\delay(width=16,length=2)\]
Compiling architecture synth of entity floating_point_v7_1_10.compare_eq_im [\compare_eq_im(c_xdevicefamily="...]
Compiling architecture struct of entity floating_point_v7_1_10.carry_chain [\carry_chain(c_xdevicefamily="ar...]
Compiling architecture rtl of entity floating_point_v7_1_10.flt_accum_bit_encode [\flt_accum_bit_encode(c_xdevicef...]
Compiling architecture rtl of entity floating_point_v7_1_10.flt_accum_bit_encode [\flt_accum_bit_encode(c_xdevicef...]
Compiling architecture synth of entity xbip_pipe_v3_0_6.xbip_pipe_v3_0_6_viv [\xbip_pipe_v3_0_6_viv(c_latency=...]
Compiling architecture rtl of entity floating_point_v7_1_10.delay [\delay(width=4)\]
Compiling architecture synth of entity xbip_pipe_v3_0_6.xbip_pipe_v3_0_6_viv [\xbip_pipe_v3_0_6_viv(c_latency=...]
Compiling architecture rtl of entity floating_point_v7_1_10.delay [\delay(width=16)\]
Compiling architecture synth of entity xbip_pipe_v3_0_6.xbip_pipe_v3_0_6_viv [\xbip_pipe_v3_0_6_viv(c_latency=...]
Compiling architecture rtl of entity floating_point_v7_1_10.delay [\delay(width=8)\]
Compiling architecture synth of entity xbip_pipe_v3_0_6.xbip_pipe_v3_0_6_viv [\xbip_pipe_v3_0_6_viv(c_latency=...]
Compiling architecture rtl of entity floating_point_v7_1_10.delay [\delay(width=12)\]
Compiling architecture synth of entity floating_point_v7_1_10.compare_eq_im [\compare_eq_im(c_xdevicefamily="...]
Compiling architecture synth of entity xbip_pipe_v3_0_6.xbip_pipe_v3_0_6_viv [\xbip_pipe_v3_0_6_viv(c_latency=...]
Compiling architecture rtl of entity floating_point_v7_1_10.delay [\delay(width=7)\]
Compiling architecture synth of entity xbip_pipe_v3_0_6.xbip_pipe_v3_0_6_viv [\xbip_pipe_v3_0_6_viv(c_has_ce=1...]
Compiling architecture rtl of entity floating_point_v7_1_10.delay [\delay(width=11,length=0)\]
Compiling architecture struct of entity floating_point_v7_1_10.carry_chain [\carry_chain(c_xdevicefamily="ar...]
Compiling architecture synth of entity floating_point_v7_1_10.compare_eq [\compare_eq(c_xdevicefamily="art...]
Compiling architecture synth of entity xbip_pipe_v3_0_6.xbip_pipe_v3_0_6_viv [\xbip_pipe_v3_0_6_viv(c_latency=...]
Compiling architecture rtl of entity floating_point_v7_1_10.delay [\delay(length=3,fast_input=true)...]
Compiling architecture struct of entity floating_point_v7_1_10.carry_chain [\carry_chain(c_xdevicefamily="ar...]
Compiling architecture synth of entity floating_point_v7_1_10.compare_gt [\compare_gt(c_xdevicefamily="art...]
Compiling architecture synth of entity floating_point_v7_1_10.compare_eq_im [\compare_eq_im(c_xdevicefamily="...]
Compiling architecture synth of entity xbip_pipe_v3_0_6.xbip_pipe_v3_0_6_viv [\xbip_pipe_v3_0_6_viv(c_latency=...]
Compiling architecture rtl of entity floating_point_v7_1_10.delay [\delay(length=7,fast_input=true)...]
Compiling architecture rtl of entity floating_point_v7_1_10.special_detect [\special_detect(c_xdevicefamily=...]
Compiling architecture synth of entity xbip_pipe_v3_0_6.xbip_pipe_v3_0_6_viv [\xbip_pipe_v3_0_6_viv(c_latency=...]
Compiling architecture rtl of entity floating_point_v7_1_10.delay [\delay(length=7)\]
Compiling architecture synth of entity xbip_pipe_v3_0_6.xbip_pipe_v3_0_6_viv [\xbip_pipe_v3_0_6_viv(c_has_ce=1...]
Compiling architecture rtl of entity floating_point_v7_1_10.delay [\delay(width=10,length=0)\]
Compiling architecture struct of entity floating_point_v7_1_10.carry_chain [\carry_chain(c_xdevicefamily="ki...]
Compiling architecture synth of entity floating_point_v7_1_10.compare_eq_im [\compare_eq_im(c_xdevicefamily="...]
Compiling architecture rtl of entity floating_point_v7_1_10.special_detect [\special_detect(a_w=16,a_fw=11,o...]
Compiling architecture rtl of entity floating_point_v7_1_10.delay_s [\delay_s(width=7,length=0)\]
Compiling architecture synth of entity xbip_pipe_v3_0_6.xbip_pipe_v3_0_6_viv [\xbip_pipe_v3_0_6_viv(c_latency=...]
Compiling architecture rtl of entity floating_point_v7_1_10.delay [\delay(width=2,length=2,fast_inp...]
Compiling architecture rtl of entity floating_point_v7_1_10.delay [\delay(length=2,fast_input=true)...]
Compiling architecture synth of entity xbip_pipe_v3_0_6.xbip_pipe_v3_0_6_viv [\xbip_pipe_v3_0_6_viv(c_latency=...]
Compiling architecture rtl of entity floating_point_v7_1_10.delay [\delay(width=40)\]
Compiling architecture synth of entity xbip_pipe_v3_0_6.xbip_pipe_v3_0_6_viv [\xbip_pipe_v3_0_6_viv(c_latency=...]
Compiling architecture rtl of entity floating_point_v7_1_10.delay [\delay(width=2)\]
Compiling architecture synth of entity xbip_pipe_v3_0_6.xbip_pipe_v3_0_6_viv [\xbip_pipe_v3_0_6_viv(c_has_ce=1...]
Compiling architecture rtl of entity floating_point_v7_1_10.delay [\delay(width=40,length=0)\]
Compiling architecture rtl of entity floating_point_v7_1_10.shift_msb_first [\shift_msb_first(a_width=11,resu...]
Compiling architecture synth of entity floating_point_v7_1_10.flt_accum_flt_to_fix [\flt_accum_flt_to_fix(c_xdevicef...]
Compiling architecture synth of entity xbip_pipe_v3_0_6.xbip_pipe_v3_0_6_viv [\xbip_pipe_v3_0_6_viv(c_latency=...]
Compiling architecture rtl of entity floating_point_v7_1_10.delay [\delay(length=5)\]
Compiling architecture synth of entity xbip_pipe_v3_0_6.xbip_pipe_v3_0_6_viv [\xbip_pipe_v3_0_6_viv(c_latency=...]
Compiling architecture rtl of entity floating_point_v7_1_10.delay [\delay(width=3,length=2)\]
Compiling architecture synth of entity xbip_pipe_v3_0_6.xbip_pipe_v3_0_6_viv [\xbip_pipe_v3_0_6_viv(c_latency=...]
Compiling architecture rtl of entity floating_point_v7_1_10.delay [\delay(length=2)\]
Compiling architecture struct of entity floating_point_v7_1_10.carry_chain [\carry_chain(c_xdevicefamily="ar...]
Compiling architecture synth of entity xbip_pipe_v3_0_6.xbip_pipe_v3_0_6_viv [\xbip_pipe_v3_0_6_viv(c_latency=...]
Compiling architecture rtl of entity floating_point_v7_1_10.delay [\delay(length=3)\]
Compiling architecture struct of entity floating_point_v7_1_10.carry_chain [\carry_chain(c_xdevicefamily="ar...]
Compiling architecture rtl of entity floating_point_v7_1_10.flt_accum_bit_encode [\flt_accum_bit_encode(c_xdevicef...]
Compiling architecture struct of entity floating_point_v7_1_10.carry_chain [\carry_chain(c_xdevicefamily="ar...]
Compiling architecture rtl of entity floating_point_v7_1_10.flt_accum_bit_encode [\flt_accum_bit_encode(c_xdevicef...]
Compiling architecture rtl of entity floating_point_v7_1_10.shift_msb_first [\shift_msb_first(a_width=40,resu...]
Compiling architecture synth of entity xbip_pipe_v3_0_6.xbip_pipe_v3_0_6_viv [\xbip_pipe_v3_0_6_viv(c_latency=...]
Compiling architecture rtl of entity floating_point_v7_1_10.delay [\delay(width=7,length=2)\]
Compiling architecture lut4_v of entity unisim.LUT4 [\LUT4(init="1100110010010110")(0...]
Compiling architecture lut4_v of entity unisim.LUT4 [\LUT4(init="1100110000111100")(0...]
Compiling architecture synth of entity floating_point_v7_1_10.flt_log_addsub [\flt_log_addsub(c_xdevicefamily=...]
Compiling architecture synth of entity floating_point_v7_1_10.flt_log_addsub [\flt_log_addsub(c_xdevicefamily=...]
Compiling architecture synth of entity xbip_pipe_v3_0_6.xbip_pipe_v3_0_6_viv [\xbip_pipe_v3_0_6_viv(c_has_ce=1...]
Compiling architecture rtl of entity floating_point_v7_1_10.delay [\delay(width=6,length=0)\]
Compiling architecture synth of entity floating_point_v7_1_10.compare_eq_im [\compare_eq_im(c_xdevicefamily="...]
Compiling architecture synth of entity xbip_pipe_v3_0_6.xbip_pipe_v3_0_6_viv [\xbip_pipe_v3_0_6_viv(c_has_ce=1...]
Compiling architecture rtl of entity floating_point_v7_1_10.delay [\delay(width=12,length=0)\]
Compiling architecture synth of entity floating_point_v7_1_10.flt_accum [\flt_accum(c_xdevicefamily="arti...]
Compiling architecture synth of entity xbip_pipe_v3_0_6.xbip_pipe_v3_0_6_viv [\xbip_pipe_v3_0_6_viv(c_latency=...]
Compiling architecture xilinx of entity floating_point_v7_1_10.floating_point_v7_1_10_viv [\floating_point_v7_1_10_viv(c_xd...]
Compiling architecture xilinx of entity floating_point_v7_1_10.floating_point_v7_1_10 [\floating_point_v7_1_10(c_xdevic...]
Compiling architecture acumulador_arch of entity xil_defaultlib.acumulador [acumulador_default]
Compiling architecture behavioral of entity xil_defaultlib.pv_fila0 [pv_fila0_default]
Compiling architecture behavioral of entity xil_defaultlib.pv_fila1 [pv_fila1_default]
Compiling architecture behavioral of entity xil_defaultlib.pv_fila2 [pv_fila2_default]
Compiling architecture behavioral of entity xil_defaultlib.pv_fila3 [pv_fila3_default]
Compiling architecture behavioral of entity xil_defaultlib.pv_fila4 [pv_fila4_default]
Compiling architecture behavioral of entity xil_defaultlib.pv_fila5 [pv_fila5_default]
Compiling architecture behavioral of entity xil_defaultlib.ofdm [ofdm_default]
Compiling architecture behavioral of entity xil_defaultlib.interpolador [interpolador_default]
Compiling architecture behavioral of entity xil_defaultlib.synch_tx [synch_tx_default]
Compiling architecture behavioral of entity xil_defaultlib.carrier [carrier_default]
Compiling architecture product_sdr_arch of entity xil_defaultlib.product_sdr [product_sdr_default]
Compiling architecture struct of entity floating_point_v7_1_10.carry_chain [\carry_chain(c_xdevicefamily="ar...]
Compiling architecture synth of entity floating_point_v7_1_10.compare_eq_im [\compare_eq_im(c_xdevicefamily="...]
Compiling architecture rtl of entity floating_point_v7_1_10.zero_det_sel [\zero_det_sel(c_xdevicefamily="a...]
Compiling architecture synth of entity xbip_pipe_v3_0_6.xbip_pipe_v3_0_6_viv [\xbip_pipe_v3_0_6_viv(c_has_ce=1...]
Compiling architecture rtl of entity floating_point_v7_1_10.delay [\delay(width=13,length=0)\]
Compiling architecture rtl of entity floating_point_v7_1_10.shift_msb_first [\shift_msb_first(a_width=12,resu...]
Compiling architecture rtl of entity floating_point_v7_1_10.alignment [\alignment(c_xdevicefamily="arti...]
Compiling architecture synth of entity xbip_pipe_v3_0_6.xbip_pipe_v3_0_6_viv [\xbip_pipe_v3_0_6_viv(c_latency=...]
Compiling architecture rtl of entity floating_point_v7_1_10.delay [\delay(width=6)\]
Compiling architecture struct of entity floating_point_v7_1_10.carry_chain [\carry_chain(c_xdevicefamily="ar...]
Compiling architecture struct of entity floating_point_v7_1_10.carry_chain [\carry_chain(c_xdevicefamily="ar...]
Compiling architecture synth of entity xbip_pipe_v3_0_6.xbip_pipe_v3_0_6_viv [\xbip_pipe_v3_0_6_viv(c_latency=...]
Compiling architecture rtl of entity floating_point_v7_1_10.delay [\delay(width=8,fast_input=true)\]
Compiling architecture rtl of entity floating_point_v7_1_10.addsub_logic [\addsub_logic(c_xdevicefamily="a...]
Compiling architecture rtl of entity floating_point_v7_1_10.addsub [\addsub(c_xdevicefamily="artix7"...]
Compiling architecture rtl of entity floating_point_v7_1_10.align_add [\align_add(c_xdevicefamily="arti...]
Compiling architecture rtl of entity floating_point_v7_1_10.mux4 [\mux4(c_xdevicefamily="artix7",w...]
Compiling architecture rtl of entity floating_point_v7_1_10.mux4 [\mux4(c_xdevicefamily="artix7",w...]
Compiling architecture struct of entity floating_point_v7_1_10.carry_chain [\carry_chain(c_xdevicefamily="ar...]
Compiling architecture rtl of entity floating_point_v7_1_10.lead_zero_encode [\lead_zero_encode(c_xdevicefamil...]
Compiling architecture rtl of entity floating_point_v7_1_10.shift_msb_first [\shift_msb_first(a_width=14,resu...]
Compiling architecture struct of entity floating_point_v7_1_10.carry_chain [\carry_chain(c_xdevicefamily="ar...]
Compiling architecture struct of entity floating_point_v7_1_10.carry_chain [\carry_chain(c_xdevicefamily="ar...]
Compiling architecture struct of entity floating_point_v7_1_10.carry_chain [\carry_chain(c_xdevicefamily="ar...]
Compiling architecture rtl of entity floating_point_v7_1_10.flt_round_bit [\flt_round_bit(c_xdevicefamily="...]
Compiling architecture rtl of entity floating_point_v7_1_10.renorm_and_round_logic [\renorm_and_round_logic(c_xdevic...]
Compiling architecture rtl of entity floating_point_v7_1_10.norm_and_round_logic [\norm_and_round_logic(c_xdevicef...]
Compiling architecture struct of entity floating_point_v7_1_10.carry_chain [\carry_chain(c_xdevicefamily="ar...]
Compiling architecture struct of entity floating_point_v7_1_10.carry_chain [\carry_chain(c_xdevicefamily="ar...]
Compiling architecture synth of entity floating_point_v7_1_10.compare_gt [\compare_gt(c_xdevicefamily="art...]
Compiling architecture synth of entity floating_point_v7_1_10.compare [\compare(c_xdevicefamily="artix7...]
Compiling architecture rtl of entity floating_point_v7_1_10.flt_add_exp [\flt_add_exp(c_xdevicefamily="ar...]
Compiling architecture synth of entity floating_point_v7_1_10.flt_dec_op [\flt_dec_op(c_xdevicefamily="art...]
Compiling architecture rtl of entity floating_point_v7_1_10.flt_add_logic [\flt_add_logic(c_xdevicefamily="...]
Compiling architecture rtl of entity floating_point_v7_1_10.flt_add [\flt_add(c_xdevicefamily="artix7...]
Compiling architecture xilinx of entity floating_point_v7_1_10.floating_point_v7_1_10_viv [\floating_point_v7_1_10_viv(c_xd...]
Compiling architecture xilinx of entity floating_point_v7_1_10.floating_point_v7_1_10 [\floating_point_v7_1_10(c_xdevic...]
Compiling architecture suma_arch of entity xil_defaultlib.suma [suma_default]
Compiling architecture behavioral of entity xil_defaultlib.bits16_bits32 [bits16_bits32_default]
Compiling architecture behavioral of entity xil_defaultlib.ofdm_sdr [ofdm_sdr_default]
Compiling architecture synth of entity xbip_pipe_v3_0_6.xbip_pipe_v3_0_6_viv [\xbip_pipe_v3_0_6_viv(c_has_ce=1...]
Compiling architecture rtl of entity floating_point_v7_1_10.delay [\delay(width=23,length=0)\]
Compiling architecture synth of entity xbip_pipe_v3_0_6.xbip_pipe_v3_0_6_viv [\xbip_pipe_v3_0_6_viv(c_has_ce=1...]
Compiling architecture rtl of entity floating_point_v7_1_10.delay [\delay(width=25,length=0)\]
Compiling architecture synth of entity xbip_pipe_v3_0_6.xbip_pipe_v3_0_6_viv [\xbip_pipe_v3_0_6_viv(c_has_ce=1...]
Compiling architecture rtl of entity floating_point_v7_1_10.delay [\delay(width=8,length=0,fast_inp...]
Compiling architecture muxf7_v of entity unisim.MUXF7 [muxf7_default]
Compiling architecture muxf8_v of entity unisim.MUXF8 [muxf8_default]
Compiling architecture struct of entity floating_point_v7_1_10.carry_chain [\carry_chain(c_xdevicefamily="ar...]
Compiling architecture synth of entity floating_point_v7_1_10.compare_eq_im [\compare_eq_im(c_xdevicefamily="...]
Compiling architecture rtl of entity floating_point_v7_1_10.zero_det_sel [\zero_det_sel(c_xdevicefamily="a...]
Compiling architecture synth of entity xbip_pipe_v3_0_6.xbip_pipe_v3_0_6_viv [\xbip_pipe_v3_0_6_viv(c_has_ce=1...]
Compiling architecture rtl of entity floating_point_v7_1_10.delay [\delay(width=26,length=0)\]
Compiling architecture synth of entity xbip_pipe_v3_0_6.xbip_pipe_v3_0_6_viv [\xbip_pipe_v3_0_6_viv(c_latency=...]
Compiling architecture rtl of entity floating_point_v7_1_10.delay [\delay(width=26)\]
Compiling architecture rtl of entity floating_point_v7_1_10.shift_msb_first [\shift_msb_first(a_width=25,resu...]
Compiling architecture rtl of entity floating_point_v7_1_10.alignment [\alignment(c_xdevicefamily="arti...]
Compiling architecture struct of entity floating_point_v7_1_10.carry_chain [\carry_chain(c_xdevicefamily="ar...]
Compiling architecture struct of entity floating_point_v7_1_10.carry_chain [\carry_chain(c_xdevicefamily="ar...]
Compiling architecture synth of entity xbip_pipe_v3_0_6.xbip_pipe_v3_0_6_viv [\xbip_pipe_v3_0_6_viv(c_latency=...]
Compiling architecture rtl of entity floating_point_v7_1_10.delay [\delay(width=11)\]
Compiling architecture synth of entity xbip_pipe_v3_0_6.xbip_pipe_v3_0_6_viv [\xbip_pipe_v3_0_6_viv(c_latency=...]
Compiling architecture rtl of entity floating_point_v7_1_10.delay [\delay(width=13)\]
Compiling architecture synth of entity xbip_pipe_v3_0_6.xbip_pipe_v3_0_6_viv [\xbip_pipe_v3_0_6_viv(c_has_ce=1...]
Compiling architecture rtl of entity floating_point_v7_1_10.delay [\delay(width=14,length=0,fast_in...]
Compiling architecture rtl of entity floating_point_v7_1_10.addsub_logic [\addsub_logic(c_xdevicefamily="a...]
Compiling architecture rtl of entity floating_point_v7_1_10.addsub [\addsub(c_xdevicefamily="artix7"...]
Compiling architecture rtl of entity floating_point_v7_1_10.align_add [\align_add(c_xdevicefamily="arti...]
Compiling architecture struct of entity floating_point_v7_1_10.carry_chain [\carry_chain(c_xdevicefamily="ar...]
Compiling architecture rtl of entity floating_point_v7_1_10.mux4 [\mux4(c_xdevicefamily="artix7",w...]
Compiling architecture struct of entity floating_point_v7_1_10.carry_chain [\carry_chain(c_xdevicefamily="ar...]
Compiling architecture rtl of entity floating_point_v7_1_10.lead_zero_encode [\lead_zero_encode(c_xdevicefamil...]
Compiling architecture synth of entity xbip_pipe_v3_0_6.xbip_pipe_v3_0_6_viv [\xbip_pipe_v3_0_6_viv(c_has_ce=1...]
Compiling architecture rtl of entity floating_point_v7_1_10.delay [\delay(width=27,length=0)\]
Compiling architecture synth of entity xbip_pipe_v3_0_6.xbip_pipe_v3_0_6_viv [\xbip_pipe_v3_0_6_viv(c_latency=...]
Compiling architecture rtl of entity floating_point_v7_1_10.delay [\delay(width=27)\]
Compiling architecture rtl of entity floating_point_v7_1_10.shift_msb_first [\shift_msb_first(a_width=27,resu...]
Compiling architecture struct of entity floating_point_v7_1_10.carry_chain [\carry_chain(c_xdevicefamily="ar...]
Compiling architecture rtl of entity floating_point_v7_1_10.renorm_and_round_logic [\renorm_and_round_logic(c_xdevic...]
Compiling architecture rtl of entity floating_point_v7_1_10.norm_and_round_logic [\norm_and_round_logic(c_xdevicef...]
Compiling architecture struct of entity floating_point_v7_1_10.carry_chain [\carry_chain(c_xdevicefamily="ar...]
Compiling architecture synth of entity xbip_pipe_v3_0_6.xbip_pipe_v3_0_6_viv [\xbip_pipe_v3_0_6_viv(c_has_ce=1...]
Compiling architecture rtl of entity floating_point_v7_1_10.delay [\delay(width=9,length=0,fast_inp...]
Compiling architecture synth of entity xbip_pipe_v3_0_6.xbip_pipe_v3_0_6_viv [\xbip_pipe_v3_0_6_viv(c_latency=...]
Compiling architecture rtl of entity floating_point_v7_1_10.delay [\delay(width=9,length=2)\]
Compiling architecture struct of entity floating_point_v7_1_10.carry_chain [\carry_chain(c_xdevicefamily="ar...]
Compiling architecture synth of entity floating_point_v7_1_10.compare_eq_im [\compare_eq_im(c_xdevicefamily="...]
Compiling architecture rtl of entity floating_point_v7_1_10.special_detect [\special_detect(c_xdevicefamily=...]
Compiling architecture struct of entity floating_point_v7_1_10.carry_chain [\carry_chain(c_xdevicefamily="ar...]
Compiling architecture synth of entity floating_point_v7_1_10.compare_gt [\compare_gt(c_xdevicefamily="art...]
Compiling architecture synth of entity floating_point_v7_1_10.compare [\compare(c_xdevicefamily="artix7...]
Compiling architecture synth of entity xbip_pipe_v3_0_6.xbip_pipe_v3_0_6_viv [\xbip_pipe_v3_0_6_viv(c_has_ce=1...]
Compiling architecture rtl of entity floating_point_v7_1_10.delay [\delay(width=9,length=0)\]
Compiling architecture rtl of entity floating_point_v7_1_10.flt_add_exp [\flt_add_exp(c_xdevicefamily="ar...]
Compiling architecture synth of entity floating_point_v7_1_10.flt_dec_op [\flt_dec_op(c_xdevicefamily="art...]
Compiling architecture rtl of entity floating_point_v7_1_10.flt_add_logic [\flt_add_logic(c_xdevicefamily="...]
Compiling architecture rtl of entity floating_point_v7_1_10.flt_add [\flt_add(c_xdevicefamily="artix7...]
Compiling architecture synth of entity xbip_pipe_v3_0_6.xbip_pipe_v3_0_6_viv [\xbip_pipe_v3_0_6_viv(c_has_ce=1...]
Compiling architecture rtl of entity floating_point_v7_1_10.delay [\delay(width=32,length=0)\]
Compiling architecture xilinx of entity floating_point_v7_1_10.floating_point_v7_1_10_viv [\floating_point_v7_1_10_viv(c_xd...]
Compiling architecture xilinx of entity floating_point_v7_1_10.floating_point_v7_1_10 [\floating_point_v7_1_10(c_xdevic...]
Compiling architecture my_rest_arch of entity xil_defaultlib.my_rest [my_rest_default]
Compiling architecture virtex of entity floating_point_v7_1_10.lutS [\lutS(n=4,lutval="00000111111000...]
Compiling architecture virtex of entity floating_point_v7_1_10.lutS [\lutS(n=4,lutval="00011001100110...]
Compiling architecture virtex of entity floating_point_v7_1_10.lutS [\lutS(n=4,lutval="10000000000000...]
Compiling architecture virtex of entity floating_point_v7_1_10.cntrlgen [\cntrlgen(needce=true,registered...]
Compiling architecture virtex of entity floating_point_v7_1_10.fdgW [\fdgW(w=26,fdgsrval=(others=>'0'...]
Compiling architecture virtex of entity floating_point_v7_1_10.ppGenR8 [\ppGenR8(w=24,pw=26,twos=false,r...]
Compiling architecture virtex of entity floating_point_v7_1_10.ppGenR8 [\ppGenR8(w=24,pw=24,twos=false,r...]
Compiling architecture virtex of entity floating_point_v7_1_10.delayS [\delayS(delaylength=1,registered...]
Compiling architecture virtex of entity floating_point_v7_1_10.fdgW [\fdgW(w=27,fdgsrval=(others=>'0'...]
Compiling architecture virtex of entity floating_point_v7_1_10.addSubW [\addSubW(w=27,gateoptions=0,roun...]
Compiling architecture virtex of entity floating_point_v7_1_10.addSubShGW [\addSubShGW(aw=27,bw=27,sw=27,re...]
Compiling architecture virtex of entity floating_point_v7_1_10.fdgW [\fdgW(w=3,fdgsrval=(others=>'0')...]
Compiling architecture virtex of entity floating_point_v7_1_10.addSubShGW [\addSubShGW(aw=27,bw=27,sw=30,re...]
Compiling architecture srl16e_v of entity unisim.SRL16E [\SRL16E(15,0)\]
Compiling architecture virtex of entity floating_point_v7_1_10.fdgW [\fdgW(w=25,fdgsrval=(others=>'0'...]
Compiling architecture virtex of entity floating_point_v7_1_10.srl16ew [\srl16ew(w=25,meminitval=(others...]
Compiling architecture virtex of entity floating_point_v7_1_10.delayW [\delayW(w=25,delaylength=3,regis...]
Compiling architecture virtex of entity floating_point_v7_1_10.srl16eS [\srl16eS(meminitval=(others=>'0'...]
Compiling architecture virtex of entity floating_point_v7_1_10.delayS [\delayS(delaylength=2,registered...]
Compiling architecture virtex of entity floating_point_v7_1_10.fdgW [\fdgW(w=30,fdgsrval=(others=>'0'...]
Compiling architecture virtex of entity floating_point_v7_1_10.addSubW [\addSubW(w=30,gateoptions=0,roun...]
Compiling architecture virtex of entity floating_point_v7_1_10.addSubShGW [\addSubShGW(aw=27,bw=30,sw=30,re...]
Compiling architecture virtex of entity floating_point_v7_1_10.fdgW [\fdgW(w=6,fdgsrval=(others=>'0')...]
Compiling architecture virtex of entity floating_point_v7_1_10.addSubShGW [\addSubShGW(aw=30,bw=30,sw=36,sh...]
Compiling architecture virtex of entity floating_point_v7_1_10.delayS [\delayS(delaylength=3,registered...]
Compiling architecture lut4_v of entity unisim.LUT4 [\LUT4(init="0000000000000001")(1...]
Compiling architecture virtex of entity floating_point_v7_1_10.lutV [\lutV(w=4,lutval="00000000000000...]
Compiling architecture lut2_v of entity unisim.LUT2 [\LUT2(init="0001")(3,0)\]
Compiling architecture virtex of entity floating_point_v7_1_10.lutV [\lutV(w=2,lutval="00000000000000...]
Compiling architecture virtex of entity floating_point_v7_1_10.andW [\andW(w=6,mask=(others=>'1'),cir...]
Compiling architecture virtex of entity floating_point_v7_1_10.fdgW [\fdgW(w=36,fdgsrval=(others=>'0'...]
Compiling architecture virtex of entity floating_point_v7_1_10.addSubW [\addSubW(w=36,gateoptions=0,roun...]
Compiling architecture virtex of entity floating_point_v7_1_10.addSubShGW [\addSubShGW(aw=30,bw=36,sw=36,sh...]
Compiling architecture virtex of entity floating_point_v7_1_10.delayS [\delayS(delaylength=4,registered...]
Compiling architecture virtex of entity floating_point_v7_1_10.andW [\andW(w=10,mask=(others=>'1'),ci...]
Compiling architecture virtex of entity floating_point_v7_1_10.addSubW [\addSubW(w=27,gateoptions=0,roun...]
Compiling architecture virtex of entity floating_point_v7_1_10.addSubShFW [\addSubShFW(aw=36,bw=25,sw=27,sh...]
Compiling architecture virtex of entity floating_point_v7_1_10.fdgW [\fdgW(w=24,fdgsrval=(others=>'0'...]
Compiling architecture virtex of entity floating_point_v7_1_10.delayW [\delayW(w=24,delaylength=1,regis...]
Compiling architecture virtex of entity floating_point_v7_1_10.delayW [\delayW(w=24,delaylength=0,regis...]
Compiling architecture netlist of entity floating_point_v7_1_10.vmsMultCore [\vmsMultCore(aw=24,bw=24,pw=26,r...]
Compiling architecture netlist of entity floating_point_v7_1_10.xMult [\xMult(aw=24,bw=24,pw=26,roundin...]
Compiling architecture rtl of entity floating_point_v7_1_10.fix_mult_qq [\fix_mult_qq(c_xdevicefamily="ar...]
Compiling architecture rtl of entity floating_point_v7_1_10.fix_mult [\fix_mult(c_xdevicefamily="artix...]
Compiling architecture struct of entity floating_point_v7_1_10.carry_chain [\carry_chain(c_xdevicefamily="ar...]
Compiling architecture struct of entity floating_point_v7_1_10.carry_chain [\carry_chain(c_xdevicefamily="ar...]
Compiling architecture synth of entity floating_point_v7_1_10.compare_eq_im [\compare_eq_im(c_xdevicefamily="...]
Compiling architecture rtl of entity floating_point_v7_1_10.special_detect [\special_detect(c_xdevicefamily=...]
Compiling architecture synth of entity xbip_pipe_v3_0_6.xbip_pipe_v3_0_6_viv [\xbip_pipe_v3_0_6_viv(c_latency=...]
Compiling architecture rtl of entity floating_point_v7_1_10.delay [\delay(width=2,length=5,fast_inp...]
Compiling architecture synth of entity xbip_pipe_v3_0_6.xbip_pipe_v3_0_6_viv [\xbip_pipe_v3_0_6_viv(c_latency=...]
Compiling architecture rtl of entity floating_point_v7_1_10.delay [\delay(length=5,fast_input=true)...]
Compiling architecture synth of entity xbip_pipe_v3_0_6.xbip_pipe_v3_0_6_viv [\xbip_pipe_v3_0_6_viv(c_latency=...]
Compiling architecture rtl of entity floating_point_v7_1_10.delay [\delay(length=6,fast_input=true)...]
Compiling architecture synth of entity xbip_pipe_v3_0_6.xbip_pipe_v3_0_6_viv [\xbip_pipe_v3_0_6_viv(c_latency=...]
Compiling architecture rtl of entity floating_point_v7_1_10.delay [\delay(width=4,length=5,fast_inp...]
Compiling architecture synth of entity xbip_pipe_v3_0_6.xbip_pipe_v3_0_6_viv [\xbip_pipe_v3_0_6_viv(c_latency=...]
Compiling architecture rtl of entity floating_point_v7_1_10.delay [\delay(width=8,length=5)\]
Compiling architecture synth of entity xbip_pipe_v3_0_6.xbip_pipe_v3_0_6_viv [\xbip_pipe_v3_0_6_viv(c_latency=...]
Compiling architecture rtl of entity floating_point_v7_1_10.delay [\delay(width=14)\]
Compiling architecture rtl of entity floating_point_v7_1_10.flt_mult_exp [\flt_mult_exp(c_xdevicefamily="a...]
Compiling architecture synth of entity xbip_pipe_v3_0_6.xbip_pipe_v3_0_6_viv [\xbip_pipe_v3_0_6_viv(c_latency=...]
Compiling architecture rtl of entity floating_point_v7_1_10.delay [\delay(width=12,fast_input=true)...]
Compiling architecture struct of entity floating_point_v7_1_10.carry_chain [\carry_chain(c_xdevicefamily="ar...]
Compiling architecture struct of entity floating_point_v7_1_10.carry_chain [\carry_chain(c_xdevicefamily="ar...]
Compiling architecture synth of entity xbip_pipe_v3_0_6.xbip_pipe_v3_0_6_viv [\xbip_pipe_v3_0_6_viv(c_has_ce=1...]
Compiling architecture rtl of entity floating_point_v7_1_10.delay [\delay(width=25,length=0,fast_in...]
Compiling architecture rtl of entity floating_point_v7_1_10.flt_round_bit [\flt_round_bit(c_xdevicefamily="...]
Compiling architecture rtl of entity floating_point_v7_1_10.renorm_and_round_logic [\renorm_and_round_logic(c_xdevic...]
Compiling architecture rtl of entity floating_point_v7_1_10.flt_mult_round [\flt_mult_round(c_xdevicefamily=...]
Compiling architecture synth of entity floating_point_v7_1_10.flt_dec_op_lat [\flt_dec_op_lat(c_xdevicefamily=...]
Compiling architecture rtl of entity floating_point_v7_1_10.flt_mult [\flt_mult(c_xdevicefamily="artix...]
Compiling architecture synth of entity xbip_pipe_v3_0_6.xbip_pipe_v3_0_6_viv [\xbip_pipe_v3_0_6_viv(c_latency=...]
Compiling architecture xilinx of entity floating_point_v7_1_10.floating_point_v7_1_10_viv [\floating_point_v7_1_10_viv(c_xd...]
Compiling architecture xilinx of entity floating_point_v7_1_10.floating_point_v7_1_10 [\floating_point_v7_1_10(c_xdevic...]
Compiling architecture my_multiplicador_arch of entity xil_defaultlib.my_multiplicador [my_multiplicador_default]
Compiling architecture behavioral of entity xil_defaultlib.conv_bin [conv_bin_default]
Compiling architecture behavioral of entity xil_defaultlib.redondeo [redondeo_default]
Compiling architecture behavioral of entity xil_defaultlib.cuantizador [cuantizador_default]
Compiling architecture behavioral of entity xil_defaultlib.top_level [top_level_default]
Compiling architecture behavioral of entity xil_defaultlib.test_toplevel
Built simulation snapshot test_toplevel_behav
